<?xml version="1.0" encoding="UTF-8"?>
<!-- Generated by org.testng.reporters.JUnitXMLReporter -->
<testsuite hostname="DESKTOP-TE56L5H" ignored="0" name="Buy Products Test" tests="2" failures="0" timestamp="31 May 2019 07:02:34 GMT" time="53.743" errors="0">
  <testcase name="buyProductAfterSimpleSearch" time="23.813" classname="ebay.in.tests.BuyProductTests"/>
  <testcase name="buyProductAfterCategoryBasedSearch" time="26.859" classname="ebay.in.tests.BuyProductTests"/>
</testsuite> <!-- Buy Products Test -->
