<?xml version="1.0" encoding="UTF-8"?>
<!-- Generated by org.testng.reporters.JUnitXMLReporter -->
<testsuite hostname="DESKTOP-TE56L5H" ignored="0" name="Search Products Test" tests="4" failures="0" timestamp="03 Jun 2019 06:36:05 GMT" time="122.116" errors="0">
  <testcase name="simpleSearchProduct" time="46.257" classname="ebay.in.tests.SearchProductTests"/>
  <testcase name="verifyNavbarElements" time="2.301" classname="ebay.in.tests.SearchProductTests"/>
  <testcase name="searchProductByCategory" time="28.144" classname="ebay.in.tests.SearchProductTests"/>
  <testcase name="searchProductFromPopularDestinationsSection" time="31.936" classname="ebay.in.tests.SearchProductTests"/>
</testsuite> <!-- Search Products Test -->
