<?xml version="1.0" encoding="UTF-8"?>
<!-- Generated by org.testng.reporters.JUnitXMLReporter -->
<testsuite hostname="DESKTOP-TE56L5H" ignored="0" name="Search Products Test" tests="3" failures="0" timestamp="31 May 2019 07:01:40 GMT" time="31.864" errors="0">
  <testcase name="simpleSearchProduct" time="9.74" classname="ebay.in.tests.SearchProductTests"/>
  <testcase name="searchProductByCategory" time="6.73" classname="ebay.in.tests.SearchProductTests"/>
  <testcase name="searchProductFromPopularDestinationsSection" time="10.107" classname="ebay.in.tests.SearchProductTests"/>
</testsuite> <!-- Search Products Test -->
