<?xml version="1.0" encoding="UTF-8"?>
<testng-results skipped="0" failed="1" ignored="1" total="4" passed="2">
  <reporter-output>
  </reporter-output>
  <suite name="Ebay.in automation suite" duration-ms="9686" started-at="2019-06-05T06:25:24Z" finished-at="2019-06-05T06:25:34Z">
    <groups>
    </groups>
    <test name="Home Page Tests" duration-ms="9686" started-at="2019-06-05T06:25:24Z" finished-at="2019-06-05T06:25:34Z">
      <class name="ebay.in.tests.HomePageTest">
        <test-method status="PASS" signature="setUp()[pri:0, instance:ebay.in.tests.HomePageTest@4f30ec]" name="setUp" is-config="true" duration-ms="37513" started-at="2019-06-05T06:24:47Z" finished-at="2019-06-05T06:25:24Z">
          <reporter-output>
          </reporter-output>
        </test-method> <!-- setUp -->
        <test-method status="PASS" signature="beforeTest()[pri:0, instance:ebay.in.tests.HomePageTest@4f30ec]" name="beforeTest" is-config="true" duration-ms="2" started-at="2019-06-05T06:25:24Z" finished-at="2019-06-05T06:25:24Z">
          <reporter-output>
          </reporter-output>
        </test-method> <!-- beforeTest -->
        <test-method status="PASS" signature="beforeMethod()[pri:0, instance:ebay.in.tests.HomePageTest@4f30ec]" name="beforeMethod" is-config="true" duration-ms="29" started-at="2019-06-05T06:25:24Z" finished-at="2019-06-05T06:25:24Z">
          <reporter-output>
          </reporter-output>
        </test-method> <!-- beforeMethod -->
        <test-method status="PASS" signature="testTitle()[pri:0, instance:ebay.in.tests.HomePageTest@4f30ec]" name="testTitle" duration-ms="65" started-at="2019-06-05T06:25:24Z" finished-at="2019-06-05T06:25:24Z">
          <reporter-output>
          </reporter-output>
        </test-method> <!-- testTitle -->
        <test-method status="PASS" signature="beforeMethod()[pri:0, instance:ebay.in.tests.HomePageTest@4f30ec]" name="beforeMethod" is-config="true" duration-ms="41" started-at="2019-06-05T06:25:25Z" finished-at="2019-06-05T06:25:25Z">
          <reporter-output>
          </reporter-output>
        </test-method> <!-- beforeMethod -->
        <test-method status="PASS" signature="verifyNavBarElements()[pri:1, instance:ebay.in.tests.HomePageTest@4f30ec]" name="verifyNavBarElements" duration-ms="8175" started-at="2019-06-05T06:25:25Z" depends-on-methods="ebay.in.tests.HomePageTest.testTitle" finished-at="2019-06-05T06:25:33Z">
          <reporter-output>
          </reporter-output>
        </test-method> <!-- verifyNavBarElements -->
        <test-method status="PASS" signature="beforeMethod()[pri:0, instance:ebay.in.tests.HomePageTest@4f30ec]" name="beforeMethod" is-config="true" duration-ms="18" started-at="2019-06-05T06:25:33Z" finished-at="2019-06-05T06:25:33Z">
          <reporter-output>
          </reporter-output>
        </test-method> <!-- beforeMethod -->
        <test-method status="FAIL" signature="verifyCarouselElements()[pri:2, instance:ebay.in.tests.HomePageTest@4f30ec]" name="verifyCarouselElements" duration-ms="202" started-at="2019-06-05T06:25:33Z" depends-on-methods="ebay.in.tests.HomePageTest.testTitle" finished-at="2019-06-05T06:25:33Z">
          <exception class="org.openqa.selenium.WebDriverException">
            <message>
              <![CDATA[unknown error: Element <button class="carousel__control carousel__control--next" data-direction="1" aria-describedby="carousel-status-s0-0-3_1-0-2[0]-1-match-media-0-ebay-carousel" aria-label="Go to next banner" data-marko="{&quot;onclick&quot;:&quot;handleMove s0-0-3_1-0-2[0]-1-match-media-0-ebay-carousel false&quot;}">...</button> is not clickable at point (1335, 315). Other element would receive the click: <img src="https://i.ebayimg.com/images/g/iLoAAOSwO-pcGt5A/s-l400.webp" data-load-immediately="" crossorigin="anonymous" alt="Fashion" data-size="400" data-load-time="1559715922593" style="opacity: 1;">
  (Session info: chrome=74.0.3729.169)
  (Driver info: chromedriver=2.43.600210 (68dcf5eebde37173d4027fa8635e332711d2874a),platform=Windows NT 10.0.17134 x86_64) (WARNING: The server did not provide any stacktrace information)
Command duration or timeout: 0 milliseconds
Build info: version: '3.14.0', revision: 'aacccce0', time: '2018-08-02T20:19:58.91Z'
System info: host: 'DESKTOP-TE56L5H', ip: '192.168.1.4', os.name: 'Windows 10', os.arch: 'x86', os.version: '10.0', java.version: '1.8.0_171'
Driver info: org.openqa.selenium.chrome.ChromeDriver
Capabilities {acceptInsecureCerts: false, acceptSslCerts: false, applicationCacheEnabled: false, browserConnectionEnabled: false, browserName: chrome, chrome: {chromedriverVersion: 2.43.600210 (68dcf5eebde371..., userDataDir: C:\Users\Rama\AppData\Local...}, cssSelectorsEnabled: true, databaseEnabled: false, goog:chromeOptions: {debuggerAddress: localhost:55700}, handlesAlerts: true, hasTouchScreen: false, javascriptEnabled: true, locationContextEnabled: true, mobileEmulationEnabled: false, nativeEvents: true, networkConnectionEnabled: false, pageLoadStrategy: normal, platform: XP, platformName: XP, rotatable: false, setWindowRect: true, takesHeapSnapshot: true, takesScreenshot: true, unexpectedAlertBehaviour: , unhandledPromptBehavior: , version: 74.0.3729.169, webStorageEnabled: true}
Session ID: 3bb5f71edfa4f54d39a17802128dc7c1]]>
            </message>
            <full-stacktrace>
              <![CDATA[org.openqa.selenium.WebDriverException: unknown error: Element <button class="carousel__control carousel__control--next" data-direction="1" aria-describedby="carousel-status-s0-0-3_1-0-2[0]-1-match-media-0-ebay-carousel" aria-label="Go to next banner" data-marko="{&quot;onclick&quot;:&quot;handleMove s0-0-3_1-0-2[0]-1-match-media-0-ebay-carousel false&quot;}">...</button> is not clickable at point (1335, 315). Other element would receive the click: <img src="https://i.ebayimg.com/images/g/iLoAAOSwO-pcGt5A/s-l400.webp" data-load-immediately="" crossorigin="anonymous" alt="Fashion" data-size="400" data-load-time="1559715922593" style="opacity: 1;">
  (Session info: chrome=74.0.3729.169)
  (Driver info: chromedriver=2.43.600210 (68dcf5eebde37173d4027fa8635e332711d2874a),platform=Windows NT 10.0.17134 x86_64) (WARNING: The server did not provide any stacktrace information)
Command duration or timeout: 0 milliseconds
Build info: version: '3.14.0', revision: 'aacccce0', time: '2018-08-02T20:19:58.91Z'
System info: host: 'DESKTOP-TE56L5H', ip: '192.168.1.4', os.name: 'Windows 10', os.arch: 'x86', os.version: '10.0', java.version: '1.8.0_171'
Driver info: org.openqa.selenium.chrome.ChromeDriver
Capabilities {acceptInsecureCerts: false, acceptSslCerts: false, applicationCacheEnabled: false, browserConnectionEnabled: false, browserName: chrome, chrome: {chromedriverVersion: 2.43.600210 (68dcf5eebde371..., userDataDir: C:\Users\Rama\AppData\Local...}, cssSelectorsEnabled: true, databaseEnabled: false, goog:chromeOptions: {debuggerAddress: localhost:55700}, handlesAlerts: true, hasTouchScreen: false, javascriptEnabled: true, locationContextEnabled: true, mobileEmulationEnabled: false, nativeEvents: true, networkConnectionEnabled: false, pageLoadStrategy: normal, platform: XP, platformName: XP, rotatable: false, setWindowRect: true, takesHeapSnapshot: true, takesScreenshot: true, unexpectedAlertBehaviour: , unhandledPromptBehavior: , version: 74.0.3729.169, webStorageEnabled: true}
Session ID: 3bb5f71edfa4f54d39a17802128dc7c1
at sun.reflect.NativeConstructorAccessorImpl.newInstance0(Native Method)
at sun.reflect.NativeConstructorAccessorImpl.newInstance(Unknown Source)
at sun.reflect.DelegatingConstructorAccessorImpl.newInstance(Unknown Source)
at java.lang.reflect.Constructor.newInstance(Unknown Source)
at org.openqa.selenium.remote.ErrorHandler.createThrowable(ErrorHandler.java:214)
at org.openqa.selenium.remote.ErrorHandler.throwIfResponseFailed(ErrorHandler.java:166)
at org.openqa.selenium.remote.http.JsonHttpResponseCodec.reconstructValue(JsonHttpResponseCodec.java:40)
at org.openqa.selenium.remote.http.AbstractHttpResponseCodec.decode(AbstractHttpResponseCodec.java:80)
at org.openqa.selenium.remote.http.AbstractHttpResponseCodec.decode(AbstractHttpResponseCodec.java:44)
at org.openqa.selenium.remote.HttpCommandExecutor.execute(HttpCommandExecutor.java:158)
at org.openqa.selenium.remote.service.DriverCommandExecutor.execute(DriverCommandExecutor.java:83)
at org.openqa.selenium.remote.RemoteWebDriver.execute(RemoteWebDriver.java:548)
at org.openqa.selenium.remote.RemoteWebElement.execute(RemoteWebElement.java:276)
at org.openqa.selenium.remote.RemoteWebElement.click(RemoteWebElement.java:83)
at sun.reflect.NativeMethodAccessorImpl.invoke0(Native Method)
at sun.reflect.NativeMethodAccessorImpl.invoke(Unknown Source)
at sun.reflect.DelegatingMethodAccessorImpl.invoke(Unknown Source)
at java.lang.reflect.Method.invoke(Unknown Source)
at org.openqa.selenium.support.pagefactory.internal.LocatingElementHandler.invoke(LocatingElementHandler.java:51)
at com.sun.proxy.$Proxy12.click(Unknown Source)
at ebay.in.pages.HomePage.verifyCarouselHeadings(HomePage.java:107)
at ebay.in.tests.HomePageTest.verifyCarouselElements(HomePageTest.java:62)
at sun.reflect.NativeMethodAccessorImpl.invoke0(Native Method)
at sun.reflect.NativeMethodAccessorImpl.invoke(Unknown Source)
at sun.reflect.DelegatingMethodAccessorImpl.invoke(Unknown Source)
at java.lang.reflect.Method.invoke(Unknown Source)
at org.testng.internal.MethodInvocationHelper.invokeMethod(MethodInvocationHelper.java:124)
at org.testng.internal.Invoker.invokeMethod(Invoker.java:580)
at org.testng.internal.Invoker.invokeTestMethod(Invoker.java:716)
at org.testng.internal.Invoker.invokeTestMethods(Invoker.java:988)
at org.testng.internal.TestMethodWorker.invokeTestMethods(TestMethodWorker.java:125)
at org.testng.internal.TestMethodWorker.run(TestMethodWorker.java:109)
at org.testng.TestRunner.privateRun(TestRunner.java:648)
at org.testng.TestRunner.run(TestRunner.java:505)
at org.testng.SuiteRunner.runTest(SuiteRunner.java:455)
at org.testng.SuiteRunner.runSequentially(SuiteRunner.java:450)
at org.testng.SuiteRunner.privateRun(SuiteRunner.java:415)
at org.testng.SuiteRunner.run(SuiteRunner.java:364)
at org.testng.SuiteRunnerWorker.runSuite(SuiteRunnerWorker.java:52)
at org.testng.SuiteRunnerWorker.run(SuiteRunnerWorker.java:84)
at org.testng.TestNG.runSuitesSequentially(TestNG.java:1208)
at org.testng.TestNG.runSuitesLocally(TestNG.java:1137)
at org.testng.TestNG.runSuites(TestNG.java:1049)
at org.testng.TestNG.run(TestNG.java:1017)
at org.testng.remote.AbstractRemoteTestNG.run(AbstractRemoteTestNG.java:114)
at org.testng.remote.RemoteTestNG.initAndRun(RemoteTestNG.java:251)
at org.testng.remote.RemoteTestNG.main(RemoteTestNG.java:77)
]]>
            </full-stacktrace>
          </exception> <!-- org.openqa.selenium.WebDriverException -->
          <reporter-output>
          </reporter-output>
        </test-method> <!-- verifyCarouselElements -->
        <test-method status="PASS" signature="afterTest()[pri:0, instance:ebay.in.tests.HomePageTest@4f30ec]" name="afterTest" is-config="true" duration-ms="853" started-at="2019-06-05T06:25:33Z" finished-at="2019-06-05T06:25:34Z">
          <reporter-output>
          </reporter-output>
        </test-method> <!-- afterTest -->
        <test-method status="PASS" signature="tearDown()[pri:0, instance:ebay.in.tests.HomePageTest@4f30ec]" name="tearDown" is-config="true" duration-ms="1649" started-at="2019-06-05T06:25:34Z" finished-at="2019-06-05T06:25:36Z">
          <reporter-output>
          </reporter-output>
        </test-method> <!-- tearDown -->
      </class> <!-- ebay.in.tests.HomePageTest -->
    </test> <!-- Home Page Tests -->
  </suite> <!-- Ebay.in automation suite -->
</testng-results>
